<?xml version="1.0" encoding="UTF-8"?>
<!-- Generated by org.testng.reporters.JUnitReportReporter -->
<testsuite hostname="DESKTOP-0GTQ6SR" failures="0" tests="1" name="testcases.scenarioTest" time="84.023" errors="0" timestamp="2025-10-05T11:24:45 EEST" skipped="0">
  <testcase classname="testcases.scenarioTest" name="tests" time="84.023"/>
</testsuite> <!-- testcases.scenarioTest -->
